<?xml version="1.0" encoding="UTF-8"?>
<!-- Generated by org.testng.reporters.JUnitReportReporter -->
<testsuite hostname="Misha-PC" name="TestScripts.Login" tests="1" failures="0" timestamp="22 Aug 2017 15:26:47 GMT" time="5.014" errors="0">
  <testcase name="callLogin" time="5.014" classname="TestScripts.Login"/>
</testsuite> <!-- TestScripts.Login -->
