<?xml version="1.0" encoding="UTF-8"?>
<!-- Generated by org.testng.reporters.JUnitReportReporter -->
<testsuite hostname="Misha-PC" name="Common.InitializeBrowser" tests="1" failures="0" timestamp="22 Aug 2017 15:27:44 GMT" time="5.019" errors="0">
  <testcase name="callLogin" time="5.019" classname="Common.InitializeBrowser"/>
</testsuite> <!-- Common.InitializeBrowser -->
