<?xml version="1.0" encoding="UTF-8"?>
<!-- Generated by org.testng.reporters.JUnitReportReporter -->
<testsuite hostname="PUNITP89726L" name="Common.Main" tests="1" failures="0" timestamp="11 Oct 2017 12:59:00 GMT" time="141.701" errors="0">
  <testcase name="getExcelValues" time="141.701" classname="Common.Main"/>
</testsuite> <!-- Common.Main -->
